{
  "RSpec": {
    "coverage": {
      "/home/genesys/2011-psm/sort/app/controllers/application_controller.rb": [
        1,
        1,
        null,
        1,
        1,
        null,
        null,
        1,
        0,
        null,
        0,
        0,
        null,
        null,
        0,
        0,
        null,
        null,
        null,
        null,
        1,
        0,
        null,
        null,
        null
      ],
      "/home/genesys/2011-psm/sort/app/helpers/application_helper.rb": [
        1,
        1,
        0,
        0,
        0,
        null,
        null
      ],
      "/home/genesys/2011-psm/sort/app/helpers/databases_helper.rb": [
        1,
        1,
        7,
        4,
        2,
        null,
        2,
        null,
        null,
        3,
        null,
        null,
        null,
        1,
        3,
        null,
        null,
        3,
        3,
        3,
        3,
        3,
        null,
        null,
        null,
        null,
        null,
        null,
        null,
        null,
        null,
        null,
        null,
        null,
        null,
        null,
        null,
        null,
        null,
        null,
        null,
        null,
        null,
        null,
        null,
        null,
        null,
        null,
        null,
        null,
        null,
        null,
        null,
        null,
        null
      ],
      "/home/genesys/2011-psm/sort/app/helpers/help_helper.rb": [
        1,
        null
      ],
      "/home/genesys/2011-psm/sort/app/helpers/submissions_helper.rb": [
        1,
        null,
        1,
        0,
        0,
        0,
        0,
        0,
        0,
        0,
        null,
        null,
        1,
        null,
        0,
        0,
        0,
        0,
        null,
        0,
        0,
        0,
        null,
        null,
        0,
        0,
        0,
        0,
        0,
        null,
        0,
        0,
        null,
        null,
        null,
        null,
        null,
        null,
        null
      ],
      "/home/genesys/2011-psm/sort/app/models/user.rb": [
        1,
        null,
        null,
        1,
        1,
        null,
        null,
        1,
        null,
        1,
        1,
        null,
        1,
        1,
        null,
        1,
        0,
        null,
        null,
        null,
        1,
        346,
        48,
        null,
        null,
        null,
        1,
        2,
        null,
        null,
        null,
        1,
        0,
        null,
        null,
        null,
        1,
        0,
        0,
        0,
        0,
        null,
        0,
        null,
        null,
        null,
        1,
        443,
        null,
        null,
        1,
        0,
        null,
        null,
        1,
        4,
        null,
        null,
        null,
        null
      ],
      "/home/genesys/2011-psm/sort/app/controllers/database_versions_controller.rb": [
        1,
        null,
        null,
        null,
        null,
        1,
        0,
        0,
        0,
        null,
        0,
        0,
        null,
        0,
        0,
        0,
        null,
        0,
        0,
        0,
        null,
        null,
        null,
        null,
        null,
        1,
        0,
        0,
        0,
        0,
        0,
        null,
        null,
        0,
        0,
        0,
        0,
        0,
        null,
        0,
        0,
        null,
        null,
        null,
        null,
        null,
        1,
        0,
        0,
        null,
        null,
        0,
        0,
        0,
        0,
        null,
        null,
        null,
        null,
        null,
        null,
        null,
        0,
        0,
        null,
        null,
        0,
        null,
        0,
        0,
        0,
        0,
        null,
        null,
        0,
        0,
        0,
        null,
        null,
        null,
        null,
        null
      ],
      "/home/genesys/2011-psm/sort/app/models/database_version.rb": [
        1,
        1,
        null,
        1,
        1,
        null,
        null,
        null,
        1,
        null,
        1,
        1,
        null,
        null,
        null,
        1,
        0,
        0,
        0,
        null,
        null,
        null,
        null,
        null,
        1,
        0,
        0,
        0,
        null,
        null,
        null,
        null,
        null,
        1,
        1,
        1,
        1,
        null,
        null,
        null,
        null,
        null,
        1,
        null,
        2,
        2,
        2,
        null,
        2,
        null,
        null,
        null,
        null,
        1,
        1,
        1,
        null,
        1,
        1,
        1,
        null,
        null,
        null,
        null,
        1,
        2,
        null,
        0,
        null,
        2,
        null,
        2,
        2,
        2,
        2,
        null,
        null,
        1,
        2,
        null,
        null,
        1,
        0,
        0,
        null,
        null,
        null
      ],
      "/home/genesys/2011-psm/sort/app/uploaders/database_uploader.rb": [
        null,
        null,
        1,
        null,
        null,
        null,
        null,
        null,
        null,
        1,
        null,
        null,
        null,
        null,
        1,
        190,
        null,
        null,
        null,
        null,
        null,
        null,
        null,
        null,
        null,
        null,
        null,
        null,
        null,
        null,
        null,
        null,
        null,
        null,
        null,
        null,
        null,
        null,
        null,
        null,
        1,
        396,
        null,
        null,
        null,
        null,
        null,
        null,
        null,
        null,
        null
      ],
      "/home/genesys/2011-psm/sort/app/controllers/databases_controller.rb": [
        1,
        null,
        1,
        null,
        null,
        null,
        null,
        1,
        null,
        null,
        null,
        1,
        null,
        null,
        0,
        0,
        null,
        0,
        null,
        null,
        0,
        0,
        0,
        null,
        null,
        null,
        null,
        null,
        1,
        null,
        0,
        null,
        0,
        0,
        null,
        0,
        null,
        null,
        0,
        0,
        0,
        null,
        null,
        null,
        null,
        null,
        1,
        0,
        null,
        null,
        0,
        0,
        0,
        null,
        0,
        0,
        null,
        null,
        null,
        null,
        1,
        0,
        null,
        null,
        null,
        null,
        1,
        0,
        0,
        0,
        0,
        0,
        null,
        0,
        0,
        0,
        null,
        null,
        0,
        0,
        0,
        0,
        0,
        null,
        null,
        0,
        0,
        null,
        0,
        0,
        null,
        null,
        null,
        null,
        null,
        null,
        null,
        1,
        null,
        0,
        0,
        0,
        null,
        0,
        0,
        0,
        0,
        0,
        null,
        null,
        0,
        0,
        0,
        null,
        0,
        0,
        null,
        0,
        0,
        null,
        null,
        null,
        null,
        1,
        null,
        0,
        0,
        null,
        0,
        0,
        0,
        null,
        null,
        null,
        1,
        null,
        0,
        null,
        0,
        0,
        0,
        null,
        null,
        null,
        null,
        1,
        0,
        null,
        0,
        0,
        0,
        0,
        null,
        null,
        null,
        null,
        1,
        0,
        null,
        0,
        0,
        0,
        0,
        null,
        null,
        null,
        null,
        null,
        1,
        0,
        0,
        0,
        null,
        0,
        0,
        null,
        0,
        null,
        0,
        0,
        0,
        null,
        null,
        null,
        null,
        null,
        1,
        0,
        null,
        null,
        null,
        null,
        null,
        1,
        null,
        0,
        0,
        null,
        0,
        0,
        0,
        0,
        null,
        null,
        null,
        null,
        null
      ],
      "/home/genesys/2011-psm/sort/app/models/database.rb": [
        1,
        null,
        null,
        1,
        1,
        null,
        null,
        null,
        null,
        null,
        1,
        null,
        null,
        1,
        null,
        null
      ],
      "/home/genesys/2011-psm/sort/lib/file_manager.rb": [
        1,
        1,
        null,
        1,
        null,
        1,
        null,
        1,
        null,
        1,
        1,
        1,
        5,
        0,
        null,
        null,
        5,
        5,
        null,
        5,
        5,
        null,
        null,
        5,
        null,
        null,
        null,
        1,
        null,
        null,
        1,
        1,
        1,
        3,
        null,
        1,
        1,
        1,
        1,
        null,
        null,
        null,
        null,
        null,
        null,
        null,
        null,
        null,
        null,
        null,
        null,
        null,
        null,
        null,
        null,
        null,
        null,
        null,
        1,
        1,
        null,
        1,
        1,
        null,
        null,
        1,
        null,
        0,
        0,
        null,
        null,
        null,
        null
      ],
      "/home/genesys/2011-psm/sort/app/controllers/help_controller.rb": [
        1,
        null,
        null,
        1,
        0,
        0,
        null,
        null,
        null,
        null
      ],
      "/home/genesys/2011-psm/sort/app/models/help.rb": [
        1,
        null
      ],
      "/home/genesys/2011-psm/sort/app/controllers/submissions_controller.rb": [
        1,
        null,
        1,
        null,
        1,
        null,
        null,
        1,
        null,
        null,
        null,
        1,
        null,
        0,
        0,
        null,
        null,
        null,
        null,
        1,
        null,
        null,
        0,
        0,
        0,
        0,
        null,
        0,
        null,
        0,
        0,
        0,
        null,
        null,
        null,
        null,
        null,
        1,
        null,
        null,
        null,
        null,
        null,
        0,
        null,
        0,
        null,
        0,
        0,
        0,
        0,
        null,
        null,
        null,
        null,
        null,
        1,
        0,
        null,
        null,
        null,
        null,
        0,
        0,
        0,
        null,
        null,
        null,
        null,
        null,
        null,
        null,
        null,
        null,
        1,
        null,
        null,
        0,
        0,
        0,
        0,
        null,
        null,
        null,
        null,
        null,
        null,
        null,
        null,
        0,
        null,
        0,
        null,
        0,
        0,
        0,
        null,
        0,
        0,
        null,
        null,
        null,
        null,
        null,
        null,
        null,
        null,
        null,
        null,
        1,
        0,
        0,
        0,
        null,
        null,
        null,
        null,
        null,
        null,
        null,
        null,
        0,
        0,
        0,
        null,
        null,
        0,
        null,
        0,
        0,
        null,
        0,
        null,
        null,
        null,
        0,
        0,
        null,
        0,
        0,
        null,
        null,
        null,
        null,
        1,
        0,
        0,
        null,
        0,
        null,
        null,
        null,
        null,
        null,
        null,
        null,
        null,
        null,
        null,
        null,
        null,
        null,
        null,
        null,
        null,
        null,
        null,
        null,
        null,
        0,
        0,
        0,
        0,
        0,
        0,
        0,
        null,
        null,
        null,
        null,
        null,
        null,
        null,
        null,
        0,
        0,
        0,
        0,
        0,
        null,
        0,
        0,
        0,
        null,
        0,
        null,
        0,
        null,
        null,
        null,
        null,
        null,
        null,
        null,
        null,
        null,
        null,
        null,
        null,
        null,
        null,
        null,
        null,
        null,
        null,
        null,
        null,
        null,
        1,
        0,
        0,
        null,
        0,
        0,
        0,
        0,
        null,
        null,
        null,
        1,
        0,
        0,
        null,
        0,
        0,
        0,
        0,
        null,
        null,
        null,
        1,
        0,
        0,
        0,
        0,
        0,
        0,
        0,
        null,
        0,
        0,
        null,
        null,
        null,
        null
      ],
      "/home/genesys/2011-psm/sort/app/models/submission.rb": [
        1,
        null,
        1,
        null,
        null,
        1,
        null,
        null,
        1,
        null,
        null,
        null,
        null,
        null,
        null,
        null,
        null,
        null,
        null,
        null,
        null,
        null,
        null,
        null,
        null,
        1,
        1,
        1,
        1,
        null,
        null,
        1,
        null,
        1,
        1,
        1,
        null,
        1,
        1,
        null,
        1,
        null,
        1,
        null,
        null,
        null,
        1,
        null,
        1,
        1,
        1,
        1,
        null,
        1,
        1,
        null,
        1,
        1,
        1,
        1,
        1,
        null,
        1,
        5,
        1,
        4,
        1,
        3,
        1,
        2,
        1,
        null,
        1,
        null,
        null,
        null,
        1,
        5,
        1,
        4,
        1,
        3,
        1,
        2,
        1,
        null,
        1,
        null,
        null,
        null,
        1,
        5,
        5,
        null,
        null,
        1,
        1,
        null,
        null,
        1,
        1,
        null,
        null,
        1,
        2,
        null,
        null,
        1,
        5,
        null,
        0,
        null,
        5,
        null,
        null,
        5,
        5,
        5,
        null,
        5,
        4,
        4,
        null,
        null,
        5,
        5,
        5,
        null,
        null,
        5,
        5,
        5,
        null,
        null,
        5,
        5,
        5,
        null,
        null,
        5,
        4,
        4,
        null,
        null,
        5,
        5,
        5,
        null,
        null,
        5,
        4,
        4,
        null,
        null,
        5,
        5,
        5,
        null,
        null,
        5,
        null,
        5,
        null,
        null,
        null,
        null,
        5,
        null,
        5,
        null,
        null,
        null,
        null,
        5,
        null,
        null,
        null,
        5,
        null,
        null,
        5,
        4,
        12,
        null,
        5,
        4,
        12,
        null,
        null,
        5,
        5,
        5,
        null,
        null,
        5,
        5,
        5,
        5,
        null,
        5,
        5,
        null,
        5,
        null,
        null,
        null,
        null,
        5,
        5,
        5,
        null,
        null,
        5,
        5,
        1,
        null,
        null,
        null,
        null,
        null,
        5,
        5,
        4,
        4,
        null,
        1,
        1,
        null,
        null,
        5,
        null,
        null,
        1,
        6,
        6,
        1,
        null,
        6,
        null,
        null,
        null,
        null,
        null,
        null,
        null,
        null,
        null,
        null,
        null,
        1,
        2,
        1,
        null,
        1,
        null,
        null,
        null,
        1,
        4,
        1,
        null,
        3,
        null,
        null,
        null,
        null,
        null,
        1,
        2,
        2,
        null,
        null,
        null,
        2,
        null,
        null,
        2,
        2,
        null,
        2,
        2,
        1,
        1,
        null,
        1,
        null,
        null,
        1,
        1,
        1,
        null,
        null,
        null,
        null,
        null,
        1,
        2,
        1,
        null,
        null,
        null,
        null,
        1,
        null,
        null,
        null,
        null,
        1,
        1,
        1,
        1,
        null,
        null,
        1,
        1,
        1,
        null,
        null,
        null,
        null,
        1,
        null,
        null,
        11,
        null,
        null,
        4,
        null,
        2,
        null,
        1,
        null,
        1,
        null,
        3,
        null,
        null,
        11,
        null,
        11,
        11,
        5,
        null,
        null,
        11,
        11,
        8,
        null,
        3,
        null,
        null,
        11,
        null,
        11,
        null,
        null,
        null,
        null,
        null,
        null
      ],
      "/home/genesys/2011-psm/sort/app/uploaders/submission_file_uploader.rb": [
        null,
        null,
        1,
        null,
        null,
        null,
        null,
        null,
        null,
        1,
        null,
        null,
        null,
        null,
        1,
        178,
        null,
        null,
        null,
        null,
        null,
        null,
        null,
        null,
        null,
        null,
        null,
        null,
        null,
        null,
        null,
        null,
        null,
        null,
        null,
        null,
        null,
        1,
        365,
        null,
        null,
        null,
        null,
        null,
        null,
        null,
        null,
        null
      ],
      "/home/genesys/2011-psm/sort/app/uploaders/submission_results_file.rb": [
        null,
        null,
        1,
        null,
        null,
        null,
        null,
        null,
        null,
        1,
        null,
        null,
        null,
        null,
        1,
        1,
        null,
        null,
        null,
        null,
        null,
        null,
        null,
        null,
        null,
        null,
        null,
        null,
        null,
        null,
        null,
        null,
        null,
        null,
        null,
        null,
        null,
        1,
        2,
        null,
        null,
        null,
        null,
        null,
        null,
        null,
        null,
        null
      ],
      "/home/genesys/2011-psm/sort/app/controllers/users_controller.rb": [
        1,
        1,
        null,
        null,
        1,
        null,
        0,
        null,
        null,
        null,
        1,
        0,
        0,
        null,
        null,
        null,
        null,
        null,
        1,
        0,
        0,
        0,
        0,
        null,
        null,
        1,
        0,
        null,
        null,
        null,
        1,
        0,
        0,
        null,
        0,
        null,
        0,
        0,
        null,
        null,
        null,
        null,
        1,
        0,
        null,
        0,
        null,
        0,
        0,
        null,
        0,
        0,
        null,
        0,
        0,
        0,
        null,
        0,
        0,
        null,
        null,
        null,
        null,
        null,
        1,
        0,
        null,
        0,
        0,
        0,
        null,
        0,
        0,
        null,
        0,
        0,
        null,
        null,
        null,
        null,
        null,
        1,
        0,
        null,
        0,
        0,
        0,
        0,
        null,
        0,
        0,
        null,
        null,
        null,
        null,
        null,
        1,
        0,
        null,
        0,
        0,
        0,
        0,
        null,
        0,
        0,
        null,
        null,
        null,
        null,
        null,
        1,
        0,
        null,
        null,
        null,
        null,
        null,
        1,
        0,
        null,
        null,
        0,
        0,
        0,
        null,
        null,
        null,
        0,
        0,
        null,
        null,
        0,
        null,
        0,
        0,
        0,
        null,
        0,
        0,
        null,
        0,
        0,
        null,
        null,
        null,
        null,
        null,
        null,
        1,
        0,
        null,
        0,
        0,
        0,
        0,
        null,
        0,
        0,
        null,
        null,
        null,
        null,
        null
      ],
      "/home/genesys/2011-psm/sort/app/mailers/user_mailer.rb": [
        1,
        null,
        null,
        null,
        null,
        null,
        null,
        1,
        1,
        null,
        1,
        2,
        2,
        2,
        null,
        null,
        1,
        null,
        48,
        48,
        48,
        75,
        null,
        48,
        48,
        null,
        null,
        null,
        1,
        2,
        2,
        null,
        null,
        null,
        null,
        1,
        2,
        2,
        null,
        2,
        null,
        null,
        1,
        null,
        0,
        0,
        0,
        0,
        null,
        null,
        1,
        0,
        0,
        0,
        null,
        null,
        null,
        null,
        null
      ],
      "/home/genesys/2011-psm/sort/app/models/enzyme.rb": [
        1,
        null,
        1,
        null
      ],
      "/home/genesys/2011-psm/sort/app/models/ion.rb": [
        1,
        1,
        null
      ],
      "/home/genesys/2011-psm/sort/app/models/mass_search_type.rb": [
        1,
        1,
        null
      ],
      "/home/genesys/2011-psm/sort/app/models/protein_mod.rb": [
        1,
        null,
        null
      ],
      "/home/genesys/2011-psm/sort/app/models/submission_protein_mod.rb": [
        1,
        1,
        1,
        null
      ]
    },
    "timestamp": 1326818262
  },
  "Cucumber Features": {
    "coverage": {
      "/home/genesys/2011-psm/sort/app/controllers/application_controller.rb": [
        1,
        1,
        null,
        1,
        1,
        null,
        null,
        1,
        652,
        null,
        338,
        164,
        null,
        null,
        338,
        338,
        null,
        null,
        null,
        null,
        1,
        77,
        null,
        null,
        null
      ],
      "/home/genesys/2011-psm/sort/app/helpers/application_helper.rb": [
        1,
        1,
        0,
        0,
        0,
        null,
        null
      ],
      "/home/genesys/2011-psm/sort/app/helpers/databases_helper.rb": [
        1,
        1,
        59,
        57,
        54,
        null,
        3,
        null,
        null,
        2,
        null,
        null,
        null,
        1,
        30,
        null,
        null,
        30,
        30,
        30,
        30,
        30,
        null,
        null,
        null,
        null,
        null,
        null,
        null,
        null,
        null,
        null,
        null,
        null,
        null,
        null,
        null,
        null,
        null,
        null,
        null,
        null,
        null,
        null,
        null,
        null,
        null,
        null,
        null,
        null,
        null,
        null,
        null,
        null,
        null
      ],
      "/home/genesys/2011-psm/sort/app/helpers/help_helper.rb": [
        1,
        null
      ],
      "/home/genesys/2011-psm/sort/app/helpers/submissions_helper.rb": [
        1,
        null,
        1,
        21,
        21,
        21,
        21,
        21,
        21,
        21,
        null,
        null,
        1,
        null,
        21,
        21,
        70,
        70,
        null,
        70,
        70,
        70,
        null,
        null,
        21,
        21,
        70,
        70,
        70,
        null,
        70,
        70,
        null,
        null,
        null,
        null,
        null,
        null,
        null
      ],
      "/home/genesys/2011-psm/sort/app/models/user.rb": [
        1,
        null,
        null,
        1,
        1,
        null,
        null,
        1,
        null,
        1,
        1,
        null,
        1,
        1,
        null,
        1,
        340,
        null,
        null,
        null,
        1,
        159,
        0,
        null,
        null,
        null,
        1,
        8,
        null,
        null,
        null,
        1,
        2,
        null,
        null,
        null,
        1,
        2,
        2,
        0,
        0,
        null,
        0,
        null,
        null,
        null,
        1,
        124,
        null,
        null,
        1,
        37,
        null,
        null,
        1,
        77,
        null,
        null,
        null,
        null
      ],
      "/home/genesys/2011-psm/sort/app/controllers/database_versions_controller.rb": [
        1,
        null,
        null,
        null,
        null,
        1,
        10,
        10,
        10,
        null,
        10,
        10,
        null,
        4,
        8,
        4,
        null,
        6,
        12,
        6,
        null,
        null,
        null,
        null,
        null,
        1,
        3,
        3,
        3,
        3,
        3,
        null,
        null,
        3,
        3,
        1,
        2,
        1,
        null,
        2,
        4,
        null,
        null,
        null,
        null,
        null,
        1,
        3,
        3,
        null,
        null,
        3,
        2,
        2,
        2,
        null,
        null,
        null,
        null,
        null,
        null,
        null,
        1,
        1,
        null,
        null,
        3,
        null,
        3,
        1,
        2,
        1,
        null,
        null,
        2,
        4,
        2,
        null,
        null,
        null,
        null,
        null
      ],
      "/home/genesys/2011-psm/sort/app/models/database_version.rb": [
        1,
        1,
        null,
        1,
        1,
        null,
        null,
        null,
        1,
        null,
        1,
        10,
        null,
        null,
        null,
        1,
        10,
        19,
        4,
        null,
        null,
        null,
        null,
        null,
        1,
        3,
        6,
        1,
        null,
        null,
        null,
        null,
        null,
        1,
        1,
        2,
        1,
        null,
        null,
        null,
        null,
        null,
        1,
        null,
        0,
        0,
        0,
        null,
        0,
        null,
        null,
        null,
        null,
        0,
        0,
        0,
        null,
        0,
        0,
        0,
        null,
        null,
        null,
        null,
        1,
        0,
        null,
        0,
        null,
        0,
        null,
        0,
        0,
        0,
        0,
        null,
        null,
        1,
        0,
        null,
        null,
        1,
        0,
        0,
        null,
        null,
        null
      ],
      "/home/genesys/2011-psm/sort/app/uploaders/database_uploader.rb": [
        null,
        null,
        1,
        null,
        null,
        null,
        null,
        null,
        null,
        1,
        null,
        null,
        null,
        null,
        1,
        144,
        null,
        null,
        null,
        null,
        null,
        null,
        null,
        null,
        null,
        null,
        null,
        null,
        null,
        null,
        null,
        null,
        null,
        null,
        null,
        null,
        null,
        null,
        null,
        null,
        1,
        222,
        null,
        null,
        null,
        null,
        null,
        null,
        null,
        null,
        null
      ],
      "/home/genesys/2011-psm/sort/app/controllers/databases_controller.rb": [
        1,
        null,
        1,
        null,
        null,
        null,
        null,
        1,
        null,
        null,
        null,
        1,
        null,
        null,
        37,
        17,
        null,
        20,
        null,
        null,
        37,
        37,
        37,
        null,
        null,
        null,
        null,
        null,
        1,
        null,
        21,
        null,
        21,
        3,
        null,
        18,
        null,
        null,
        21,
        21,
        21,
        null,
        null,
        null,
        null,
        null,
        1,
        5,
        null,
        null,
        5,
        5,
        1,
        null,
        5,
        5,
        null,
        null,
        null,
        null,
        1,
        1,
        null,
        null,
        null,
        null,
        1,
        3,
        3,
        3,
        3,
        3,
        null,
        3,
        0,
        0,
        null,
        null,
        3,
        3,
        0,
        0,
        0,
        null,
        null,
        0,
        0,
        null,
        6,
        3,
        null,
        null,
        null,
        null,
        null,
        null,
        null,
        1,
        null,
        1,
        1,
        1,
        null,
        1,
        0,
        0,
        0,
        0,
        null,
        null,
        1,
        1,
        0,
        null,
        0,
        0,
        null,
        2,
        1,
        null,
        null,
        null,
        null,
        1,
        null,
        1,
        1,
        null,
        1,
        2,
        1,
        null,
        null,
        null,
        1,
        null,
        1,
        null,
        1,
        1,
        1,
        null,
        null,
        null,
        null,
        1,
        3,
        null,
        3,
        3,
        6,
        3,
        null,
        null,
        null,
        null,
        1,
        1,
        null,
        1,
        1,
        2,
        1,
        null,
        null,
        null,
        null,
        null,
        1,
        1,
        1,
        1,
        null,
        1,
        2,
        null,
        1,
        null,
        1,
        2,
        1,
        null,
        null,
        null,
        null,
        null,
        1,
        1,
        null,
        null,
        null,
        null,
        null,
        1,
        null,
        1,
        1,
        null,
        1,
        1,
        2,
        1,
        null,
        null,
        null,
        null,
        null
      ],
      "/home/genesys/2011-psm/sort/app/models/database.rb": [
        1,
        null,
        null,
        1,
        1,
        null,
        null,
        null,
        null,
        null,
        1,
        null,
        null,
        1,
        null,
        null
      ],
      "/home/genesys/2011-psm/sort/lib/file_manager.rb": [
        1,
        1,
        null,
        1,
        null,
        1,
        null,
        1,
        null,
        7,
        7,
        7,
        19,
        2,
        null,
        null,
        17,
        17,
        null,
        17,
        17,
        null,
        null,
        17,
        null,
        null,
        null,
        7,
        null,
        null,
        1,
        1,
        1,
        5,
        null,
        1,
        1,
        1,
        1,
        null,
        null,
        null,
        null,
        null,
        null,
        null,
        null,
        null,
        null,
        null,
        null,
        null,
        null,
        null,
        null,
        null,
        null,
        null,
        1,
        16,
        null,
        16,
        16,
        null,
        null,
        1,
        null,
        20,
        20,
        null,
        null,
        null,
        null
      ],
      "/home/genesys/2011-psm/sort/app/controllers/help_controller.rb": [
        1,
        null,
        null,
        1,
        1,
        1,
        null,
        null,
        null,
        null
      ],
      "/home/genesys/2011-psm/sort/app/models/help.rb": [
        1,
        null
      ],
      "/home/genesys/2011-psm/sort/app/controllers/submissions_controller.rb": [
        1,
        null,
        1,
        null,
        1,
        null,
        null,
        1,
        null,
        null,
        null,
        1,
        null,
        3,
        3,
        null,
        null,
        null,
        null,
        1,
        null,
        null,
        7,
        7,
        7,
        7,
        null,
        7,
        null,
        7,
        7,
        7,
        null,
        null,
        null,
        null,
        null,
        1,
        null,
        null,
        null,
        null,
        null,
        69,
        null,
        69,
        null,
        69,
        69,
        69,
        69,
        null,
        null,
        null,
        null,
        null,
        1,
        9,
        null,
        null,
        null,
        null,
        9,
        9,
        9,
        null,
        null,
        null,
        null,
        null,
        null,
        null,
        null,
        null,
        1,
        null,
        null,
        15,
        15,
        15,
        15,
        null,
        null,
        null,
        null,
        null,
        null,
        null,
        null,
        15,
        null,
        15,
        null,
        15,
        15,
        1,
        null,
        15,
        15,
        null,
        null,
        null,
        null,
        null,
        null,
        null,
        null,
        null,
        null,
        1,
        13,
        13,
        13,
        null,
        null,
        null,
        null,
        null,
        null,
        null,
        null,
        13,
        7,
        7,
        null,
        null,
        6,
        null,
        6,
        6,
        null,
        5,
        null,
        null,
        null,
        10,
        5,
        null,
        2,
        1,
        null,
        null,
        null,
        null,
        1,
        7,
        7,
        null,
        7,
        null,
        null,
        null,
        null,
        null,
        null,
        null,
        null,
        null,
        null,
        null,
        null,
        null,
        null,
        null,
        null,
        null,
        null,
        null,
        null,
        7,
        13,
        13,
        13,
        13,
        13,
        3,
        null,
        null,
        null,
        null,
        null,
        null,
        null,
        null,
        7,
        7,
        2,
        1,
        1,
        null,
        2,
        6,
        6,
        null,
        4,
        null,
        10,
        null,
        null,
        null,
        null,
        null,
        null,
        null,
        null,
        null,
        null,
        null,
        null,
        null,
        null,
        null,
        null,
        null,
        null,
        null,
        null,
        null,
        1,
        1,
        1,
        null,
        1,
        1,
        2,
        1,
        null,
        null,
        null,
        1,
        1,
        1,
        null,
        1,
        1,
        2,
        1,
        null,
        null,
        null,
        1,
        3,
        3,
        3,
        3,
        2,
        1,
        1,
        null,
        1,
        1,
        null,
        null,
        null,
        null
      ],
      "/home/genesys/2011-psm/sort/app/models/submission.rb": [
        1,
        null,
        1,
        null,
        null,
        1,
        null,
        null,
        1,
        null,
        null,
        null,
        null,
        null,
        null,
        null,
        null,
        null,
        null,
        null,
        null,
        null,
        null,
        null,
        null,
        1,
        1,
        1,
        1,
        null,
        null,
        1,
        null,
        1,
        1,
        1,
        null,
        1,
        1,
        null,
        1,
        null,
        1,
        null,
        null,
        null,
        1,
        null,
        1,
        1,
        1,
        1,
        null,
        1,
        1,
        null,
        1,
        1,
        1,
        1,
        1,
        null,
        1,
        39,
        1,
        38,
        3,
        35,
        19,
        16,
        1,
        null,
        15,
        null,
        null,
        null,
        1,
        30,
        1,
        29,
        3,
        26,
        14,
        12,
        1,
        null,
        11,
        null,
        null,
        null,
        1,
        2,
        2,
        null,
        null,
        1,
        0,
        null,
        null,
        1,
        69,
        null,
        null,
        1,
        0,
        null,
        null,
        1,
        10,
        null,
        0,
        null,
        10,
        null,
        null,
        10,
        10,
        10,
        null,
        10,
        3,
        3,
        null,
        null,
        10,
        4,
        4,
        null,
        null,
        10,
        3,
        3,
        null,
        null,
        10,
        10,
        10,
        null,
        null,
        10,
        10,
        10,
        null,
        null,
        10,
        3,
        3,
        null,
        null,
        10,
        10,
        10,
        null,
        null,
        10,
        3,
        3,
        null,
        null,
        10,
        null,
        10,
        null,
        null,
        null,
        null,
        10,
        null,
        10,
        null,
        null,
        null,
        null,
        10,
        null,
        null,
        null,
        10,
        null,
        null,
        10,
        3,
        9,
        null,
        10,
        3,
        9,
        null,
        null,
        10,
        10,
        10,
        null,
        null,
        10,
        10,
        10,
        10,
        null,
        10,
        3,
        null,
        3,
        null,
        null,
        null,
        null,
        10,
        10,
        10,
        null,
        null,
        10,
        10,
        0,
        null,
        null,
        null,
        null,
        null,
        10,
        10,
        9,
        9,
        null,
        1,
        1,
        null,
        null,
        10,
        null,
        null,
        1,
        11,
        11,
        1,
        null,
        11,
        null,
        null,
        null,
        null,
        null,
        null,
        null,
        null,
        null,
        null,
        null,
        1,
        39,
        39,
        null,
        0,
        null,
        null,
        null,
        1,
        30,
        0,
        null,
        30,
        null,
        null,
        null,
        null,
        null,
        1,
        1,
        1,
        null,
        null,
        null,
        1,
        null,
        null,
        1,
        1,
        null,
        1,
        1,
        1,
        1,
        null,
        1,
        null,
        null,
        0,
        0,
        0,
        null,
        null,
        null,
        null,
        null,
        1,
        1,
        1,
        null,
        null,
        null,
        null,
        1,
        null,
        null,
        null,
        null,
        1,
        0,
        0,
        0,
        null,
        null,
        1,
        0,
        0,
        null,
        null,
        null,
        null,
        1,
        null,
        null,
        7,
        null,
        null,
        0,
        null,
        0,
        null,
        0,
        null,
        0,
        null,
        7,
        null,
        null,
        7,
        null,
        7,
        7,
        0,
        null,
        null,
        7,
        7,
        7,
        null,
        0,
        null,
        null,
        7,
        null,
        7,
        null,
        null,
        null,
        null,
        null,
        null
      ],
      "/home/genesys/2011-psm/sort/app/uploaders/submission_file_uploader.rb": [
        null,
        null,
        1,
        null,
        null,
        null,
        null,
        null,
        null,
        1,
        null,
        null,
        null,
        null,
        1,
        61,
        null,
        null,
        null,
        null,
        null,
        null,
        null,
        null,
        null,
        null,
        null,
        null,
        null,
        null,
        null,
        null,
        null,
        null,
        null,
        null,
        null,
        1,
        184,
        null,
        null,
        null,
        null,
        null,
        null,
        null,
        null,
        null
      ],
      "/home/genesys/2011-psm/sort/app/uploaders/submission_results_file.rb": [
        null,
        null,
        1,
        null,
        null,
        null,
        null,
        null,
        null,
        1,
        null,
        null,
        null,
        null,
        1,
        7,
        null,
        null,
        null,
        null,
        null,
        null,
        null,
        null,
        null,
        null,
        null,
        null,
        null,
        null,
        null,
        null,
        null,
        null,
        null,
        null,
        null,
        1,
        6,
        null,
        null,
        null,
        null,
        null,
        null,
        null,
        null,
        null
      ],
      "/home/genesys/2011-psm/sort/app/controllers/users_controller.rb": [
        1,
        1,
        null,
        null,
        1,
        null,
        60,
        null,
        null,
        null,
        1,
        60,
        0,
        null,
        null,
        null,
        null,
        null,
        1,
        29,
        29,
        29,
        29,
        null,
        null,
        1,
        0,
        null,
        null,
        null,
        1,
        3,
        3,
        null,
        3,
        null,
        3,
        3,
        null,
        null,
        null,
        null,
        1,
        3,
        null,
        3,
        null,
        3,
        3,
        null,
        3,
        3,
        null,
        2,
        4,
        2,
        null,
        2,
        1,
        null,
        null,
        null,
        null,
        null,
        1,
        8,
        null,
        8,
        8,
        8,
        null,
        16,
        8,
        null,
        0,
        0,
        null,
        null,
        null,
        null,
        null,
        1,
        1,
        null,
        1,
        1,
        2,
        1,
        null,
        0,
        0,
        null,
        null,
        null,
        null,
        null,
        1,
        2,
        null,
        2,
        2,
        4,
        2,
        null,
        0,
        0,
        null,
        null,
        null,
        null,
        null,
        1,
        9,
        null,
        null,
        null,
        null,
        null,
        1,
        5,
        null,
        null,
        5,
        3,
        3,
        null,
        null,
        null,
        5,
        5,
        null,
        null,
        5,
        null,
        5,
        0,
        0,
        null,
        8,
        4,
        null,
        2,
        1,
        null,
        null,
        null,
        null,
        null,
        null,
        1,
        0,
        null,
        0,
        0,
        0,
        0,
        null,
        0,
        0,
        null,
        null,
        null,
        null,
        null
      ],
      "/home/genesys/2011-psm/sort/app/mailers/user_mailer.rb": [
        1,
        null,
        null,
        null,
        null,
        null,
        null,
        1,
        1,
        null,
        1,
        1,
        1,
        1,
        null,
        null,
        1,
        null,
        0,
        0,
        0,
        0,
        null,
        0,
        0,
        null,
        null,
        null,
        1,
        8,
        8,
        null,
        null,
        null,
        null,
        1,
        0,
        0,
        null,
        0,
        null,
        null,
        1,
        null,
        0,
        0,
        0,
        0,
        null,
        null,
        1,
        2,
        2,
        2,
        null,
        null,
        null,
        null,
        null
      ],
      "/home/genesys/2011-psm/sort/app/models/enzyme.rb": [
        1,
        null,
        1,
        null
      ],
      "/home/genesys/2011-psm/sort/app/models/ion.rb": [
        1,
        1,
        null
      ],
      "/home/genesys/2011-psm/sort/app/models/mass_search_type.rb": [
        1,
        1,
        null
      ],
      "/home/genesys/2011-psm/sort/app/models/protein_mod.rb": [
        1,
        null,
        null
      ],
      "/home/genesys/2011-psm/sort/app/models/submission_protein_mod.rb": [
        1,
        1,
        1,
        null
      ]
    },
    "timestamp": 1326822460
  }
}
